<?xml version="1.0" encoding="UTF-8"?>
<testng-results total="11" passed="9" failed="1" skipped="1">
  <reporter-output>
  </reporter-output>
  <suite started-at="2023-09-21T10:08:04Z" name="TutorialsNinja Automation Suite" finished-at="2023-09-21T10:09:06Z" duration-ms="61323">
    <groups>
    </groups>
    <test started-at="2023-09-21T10:08:04Z" name="TutorialsNinja Tests" finished-at="2023-09-21T10:09:06Z" duration-ms="61323">
      <class name="com.tutorialsninja.qa.testcases.RegisterTest">
        <test-method is-config="true" signature="setup()[pri:0, instance:com.tutorialsninja.qa.testcases.RegisterTest@6cb107fd]" started-at="2023-09-21T15:38:05Z" name="setup" finished-at="2023-09-21T15:38:11Z" duration-ms="6067" status="PASS">
          <reporter-output>
          </reporter-output>
        </test-method> <!-- setup -->
        <test-method signature="verifyRegisteringAnAccountWithMandatoryFields()[pri:0, instance:com.tutorialsninja.qa.testcases.RegisterTest@6cb107fd]" started-at="2023-09-21T15:38:11Z" name="verifyRegisteringAnAccountWithMandatoryFields" finished-at="2023-09-21T15:38:13Z" duration-ms="1965" status="PASS">
          <reporter-output>
          </reporter-output>
        </test-method> <!-- verifyRegisteringAnAccountWithMandatoryFields -->
        <test-method is-config="true" signature="tearDown()[pri:0, instance:com.tutorialsninja.qa.testcases.RegisterTest@6cb107fd]" started-at="2023-09-21T15:38:13Z" name="tearDown" finished-at="2023-09-21T15:38:13Z" duration-ms="362" status="PASS">
          <reporter-output>
          </reporter-output>
        </test-method> <!-- tearDown -->
        <test-method is-config="true" signature="setup()[pri:0, instance:com.tutorialsninja.qa.testcases.RegisterTest@6cb107fd]" started-at="2023-09-21T15:38:19Z" name="setup" finished-at="2023-09-21T15:38:23Z" duration-ms="4707" status="PASS">
          <reporter-output>
          </reporter-output>
        </test-method> <!-- setup -->
        <test-method signature="verifyRegisteringAccountByProvidingAllFields()[pri:0, instance:com.tutorialsninja.qa.testcases.RegisterTest@6cb107fd]" started-at="2023-09-21T15:38:23Z" name="verifyRegisteringAccountByProvidingAllFields" finished-at="2023-09-21T15:38:25Z" duration-ms="1966" status="PASS">
          <reporter-output>
          </reporter-output>
        </test-method> <!-- verifyRegisteringAccountByProvidingAllFields -->
        <test-method is-config="true" signature="tearDown()[pri:0, instance:com.tutorialsninja.qa.testcases.RegisterTest@6cb107fd]" started-at="2023-09-21T15:38:25Z" name="tearDown" finished-at="2023-09-21T15:38:26Z" duration-ms="581" status="PASS">
          <reporter-output>
          </reporter-output>
        </test-method> <!-- tearDown -->
        <test-method is-config="true" signature="setup()[pri:0, instance:com.tutorialsninja.qa.testcases.RegisterTest@6cb107fd]" started-at="2023-09-21T15:38:38Z" name="setup" finished-at="2023-09-21T15:38:43Z" duration-ms="4798" status="PASS">
          <reporter-output>
          </reporter-output>
        </test-method> <!-- setup -->
        <test-method signature="verifyRegisteringAccountWithExistingEmailAddress()[pri:0, instance:com.tutorialsninja.qa.testcases.RegisterTest@6cb107fd]" started-at="2023-09-21T15:38:43Z" name="verifyRegisteringAccountWithExistingEmailAddress" finished-at="2023-09-21T15:38:45Z" duration-ms="1702" status="PASS">
          <reporter-output>
          </reporter-output>
        </test-method> <!-- verifyRegisteringAccountWithExistingEmailAddress -->
        <test-method is-config="true" signature="tearDown()[pri:0, instance:com.tutorialsninja.qa.testcases.RegisterTest@6cb107fd]" started-at="2023-09-21T15:38:45Z" name="tearDown" finished-at="2023-09-21T15:38:45Z" duration-ms="273" status="PASS">
          <reporter-output>
          </reporter-output>
        </test-method> <!-- tearDown -->
        <test-method is-config="true" signature="setup()[pri:0, instance:com.tutorialsninja.qa.testcases.RegisterTest@6cb107fd]" started-at="2023-09-21T15:38:51Z" name="setup" finished-at="2023-09-21T15:38:55Z" duration-ms="4487" status="PASS">
          <reporter-output>
          </reporter-output>
        </test-method> <!-- setup -->
        <test-method signature="verifyRegisteringAccountWithoutFillingAnyDetails()[pri:0, instance:com.tutorialsninja.qa.testcases.RegisterTest@6cb107fd]" started-at="2023-09-21T15:38:55Z" name="verifyRegisteringAccountWithoutFillingAnyDetails" finished-at="2023-09-21T15:38:56Z" duration-ms="656" status="PASS">
          <reporter-output>
          </reporter-output>
        </test-method> <!-- verifyRegisteringAccountWithoutFillingAnyDetails -->
        <test-method is-config="true" signature="tearDown()[pri:0, instance:com.tutorialsninja.qa.testcases.RegisterTest@6cb107fd]" started-at="2023-09-21T15:38:56Z" name="tearDown" finished-at="2023-09-21T15:38:56Z" duration-ms="234" status="PASS">
          <reporter-output>
          </reporter-output>
        </test-method> <!-- tearDown -->
      </class> <!-- com.tutorialsninja.qa.testcases.RegisterTest -->
      <class name="com.tutorialsninja.qa.testcases.LoginTest">
        <test-method is-config="true" signature="setup()[pri:0, instance:com.tutorialsninja.qa.testcases.LoginTest@536f2a7e]" started-at="2023-09-21T15:38:26Z" name="setup" finished-at="2023-09-21T15:38:31Z" duration-ms="4939" status="PASS">
          <reporter-output>
          </reporter-output>
        </test-method> <!-- setup -->
        <test-method signature="verifyLoginWithInvalidCredentials()[pri:0, instance:com.tutorialsninja.qa.testcases.LoginTest@536f2a7e]" started-at="2023-09-21T15:38:31Z" name="verifyLoginWithInvalidCredentials" finished-at="2023-09-21T15:38:32Z" duration-ms="946" status="PASS">
          <reporter-output>
          </reporter-output>
        </test-method> <!-- verifyLoginWithInvalidCredentials -->
        <test-method is-config="true" signature="tearDown()[pri:0, instance:com.tutorialsninja.qa.testcases.LoginTest@536f2a7e]" started-at="2023-09-21T15:38:32Z" name="tearDown" finished-at="2023-09-21T15:38:32Z" duration-ms="316" status="PASS">
          <reporter-output>
          </reporter-output>
        </test-method> <!-- tearDown -->
        <test-method is-config="true" signature="setup()[pri:0, instance:com.tutorialsninja.qa.testcases.LoginTest@536f2a7e]" started-at="2023-09-21T15:38:45Z" name="setup" finished-at="2023-09-21T15:38:50Z" duration-ms="4270" status="PASS">
          <reporter-output>
          </reporter-output>
        </test-method> <!-- setup -->
        <test-method signature="verifyLoginWithInvalidEmailAndValidPassword()[pri:0, instance:com.tutorialsninja.qa.testcases.LoginTest@536f2a7e]" started-at="2023-09-21T15:38:50Z" name="verifyLoginWithInvalidEmailAndValidPassword" finished-at="2023-09-21T15:38:50Z" duration-ms="890" status="PASS">
          <reporter-output>
          </reporter-output>
        </test-method> <!-- verifyLoginWithInvalidEmailAndValidPassword -->
        <test-method is-config="true" signature="tearDown()[pri:0, instance:com.tutorialsninja.qa.testcases.LoginTest@536f2a7e]" started-at="2023-09-21T15:38:50Z" name="tearDown" finished-at="2023-09-21T15:38:51Z" duration-ms="273" status="PASS">
          <reporter-output>
          </reporter-output>
        </test-method> <!-- tearDown -->
        <test-method is-config="true" signature="setup()[pri:0, instance:com.tutorialsninja.qa.testcases.LoginTest@536f2a7e]" started-at="2023-09-21T15:38:56Z" name="setup" finished-at="2023-09-21T15:39:00Z" duration-ms="4039" status="PASS">
          <reporter-output>
          </reporter-output>
        </test-method> <!-- setup -->
        <test-method signature="verifyLoginWithValidEmailAndInvalidPassword()[pri:0, instance:com.tutorialsninja.qa.testcases.LoginTest@536f2a7e]" started-at="2023-09-21T15:39:00Z" name="verifyLoginWithValidEmailAndInvalidPassword" finished-at="2023-09-21T15:39:01Z" duration-ms="865" status="PASS">
          <reporter-output>
          </reporter-output>
        </test-method> <!-- verifyLoginWithValidEmailAndInvalidPassword -->
        <test-method is-config="true" signature="tearDown()[pri:0, instance:com.tutorialsninja.qa.testcases.LoginTest@536f2a7e]" started-at="2023-09-21T15:39:01Z" name="tearDown" finished-at="2023-09-21T15:39:01Z" duration-ms="296" status="PASS">
          <reporter-output>
          </reporter-output>
        </test-method> <!-- tearDown -->
        <test-method is-config="true" signature="setup()[pri:0, instance:com.tutorialsninja.qa.testcases.LoginTest@536f2a7e]" started-at="2023-09-21T15:39:01Z" name="setup" finished-at="2023-09-21T15:39:05Z" duration-ms="3766" status="PASS">
          <reporter-output>
          </reporter-output>
        </test-method> <!-- setup -->
        <test-method signature="verifyLoginWithoutProvidingCredentials()[pri:0, instance:com.tutorialsninja.qa.testcases.LoginTest@536f2a7e]" started-at="2023-09-21T15:39:05Z" name="verifyLoginWithoutProvidingCredentials" finished-at="2023-09-21T15:39:06Z" duration-ms="523" status="PASS">
          <reporter-output>
          </reporter-output>
        </test-method> <!-- verifyLoginWithoutProvidingCredentials -->
        <test-method is-config="true" signature="tearDown()[pri:0, instance:com.tutorialsninja.qa.testcases.LoginTest@536f2a7e]" started-at="2023-09-21T15:39:06Z" name="tearDown" finished-at="2023-09-21T15:39:06Z" duration-ms="225" status="PASS">
          <reporter-output>
          </reporter-output>
        </test-method> <!-- tearDown -->
      </class> <!-- com.tutorialsninja.qa.testcases.LoginTest -->
      <class name="com.tutorialsninja.qa.testcases.SearchTest">
        <test-method is-config="true" signature="setup()[pri:0, instance:com.tutorialsninja.qa.testcases.SearchTest@710636b0]" started-at="2023-09-21T15:38:13Z" name="setup" finished-at="2023-09-21T15:38:18Z" duration-ms="4408" status="PASS">
          <reporter-output>
          </reporter-output>
        </test-method> <!-- setup -->
        <test-method signature="verifySearchWithValidProduct()[pri:0, instance:com.tutorialsninja.qa.testcases.SearchTest@710636b0]" started-at="2023-09-21T15:38:18Z" name="verifySearchWithValidProduct" finished-at="2023-09-21T15:38:18Z" duration-ms="687" status="PASS">
          <reporter-output>
          </reporter-output>
        </test-method> <!-- verifySearchWithValidProduct -->
        <test-method is-config="true" signature="tearDown()[pri:0, instance:com.tutorialsninja.qa.testcases.SearchTest@710636b0]" started-at="2023-09-21T15:38:19Z" name="tearDown" finished-at="2023-09-21T15:38:19Z" duration-ms="253" status="PASS">
          <reporter-output>
          </reporter-output>
        </test-method> <!-- tearDown -->
        <test-method is-config="true" signature="setup()[pri:0, instance:com.tutorialsninja.qa.testcases.SearchTest@710636b0]" started-at="2023-09-21T15:38:32Z" name="setup" finished-at="2023-09-21T15:38:37Z" duration-ms="5122" status="PASS">
          <reporter-output>
          </reporter-output>
        </test-method> <!-- setup -->
        <test-method signature="verifySearchWithInvalidProduct()[pri:0, instance:com.tutorialsninja.qa.testcases.SearchTest@710636b0]" started-at="2023-09-21T15:38:37Z" name="verifySearchWithInvalidProduct" finished-at="2023-09-21T15:38:38Z" duration-ms="659" status="FAIL">
          <exception class="java.lang.AssertionError">
            <message>
              <![CDATA[No product message in search results is not displayed expected [abcd] but found [There is no product that matches the search criteria.]]]>
            </message>
            <full-stacktrace>
              <![CDATA[java.lang.AssertionError: No product message in search results is not displayed expected [abcd] but found [There is no product that matches the search criteria.]
	at org.testng.Assert.fail(Assert.java:94)
	at org.testng.Assert.failNotEquals(Assert.java:494)
	at org.testng.Assert.assertEquals(Assert.java:123)
	at org.testng.Assert.assertEquals(Assert.java:176)
	at com.tutorialsninja.qa.testcases.SearchTest.verifySearchWithInvalidProduct(SearchTest.java:52)
	at java.base/jdk.internal.reflect.DirectMethodHandleAccessor.invoke(DirectMethodHandleAccessor.java:104)
	at java.base/java.lang.reflect.Method.invoke(Method.java:578)
	at org.testng.internal.MethodInvocationHelper.invokeMethod(MethodInvocationHelper.java:84)
	at org.testng.internal.Invoker.invokeMethod(Invoker.java:714)
	at org.testng.internal.Invoker.invokeTestMethod(Invoker.java:901)
	at org.testng.internal.Invoker.invokeTestMethods(Invoker.java:1231)
	at org.testng.internal.TestMethodWorker.invokeTestMethods(TestMethodWorker.java:127)
	at org.testng.internal.TestMethodWorker.run(TestMethodWorker.java:111)
	at org.testng.TestRunner.privateRun(TestRunner.java:767)
	at org.testng.TestRunner.run(TestRunner.java:617)
	at org.testng.SuiteRunner.runTest(SuiteRunner.java:334)
	at org.testng.SuiteRunner.runSequentially(SuiteRunner.java:329)
	at org.testng.SuiteRunner.privateRun(SuiteRunner.java:291)
	at org.testng.SuiteRunner.run(SuiteRunner.java:240)
	at org.testng.SuiteRunnerWorker.runSuite(SuiteRunnerWorker.java:52)
	at org.testng.SuiteRunnerWorker.run(SuiteRunnerWorker.java:86)
	at org.testng.TestNG.runSuitesSequentially(TestNG.java:1224)
	at org.testng.TestNG.runSuitesLocally(TestNG.java:1149)
	at org.testng.TestNG.run(TestNG.java:1057)
	at org.testng.remote.AbstractRemoteTestNG.run(AbstractRemoteTestNG.java:115)
	at org.testng.remote.RemoteTestNG.initAndRun(RemoteTestNG.java:251)
	at org.testng.remote.RemoteTestNG.main(RemoteTestNG.java:77)
]]>
            </full-stacktrace>
          </exception> <!-- java.lang.AssertionError -->
          <reporter-output>
          </reporter-output>
        </test-method> <!-- verifySearchWithInvalidProduct -->
        <test-method is-config="true" signature="tearDown()[pri:0, instance:com.tutorialsninja.qa.testcases.SearchTest@710636b0]" started-at="2023-09-21T15:38:38Z" name="tearDown" finished-at="2023-09-21T15:38:38Z" duration-ms="276" status="PASS">
          <reporter-output>
          </reporter-output>
        </test-method> <!-- tearDown -->
        <test-method signature="verifySearchWithoutAnyProduct()[pri:0, instance:com.tutorialsninja.qa.testcases.SearchTest@710636b0]" started-at="2023-09-21T15:39:06Z" name="verifySearchWithoutAnyProduct" finished-at="2023-09-21T15:39:06Z" depends-on-methods="com.tutorialsninja.qa.testcases.SearchTest.verifySearchWithValidProduct, com.tutorialsninja.qa.testcases.SearchTest.verifySearchWithInvalidProduct" duration-ms="0" status="SKIP">
          <reporter-output>
          </reporter-output>
        </test-method> <!-- verifySearchWithoutAnyProduct -->
      </class> <!-- com.tutorialsninja.qa.testcases.SearchTest -->
    </test> <!-- TutorialsNinja Tests -->
  </suite> <!-- TutorialsNinja Automation Suite -->
</testng-results>
